========================================
  FunHub Backend Startup Script
========================================

[0;34m[INFO][0m Checking Python installation...
[0;32m[SUCCESS][0m Found Python 3.12.3
[0;34m[INFO][0m Checking ffmpeg installation...
[1;33m[WARNING][0m ffmpeg is not installed. Video thumbnail generation will not work.
[0;34m[INFO][0m To install ffmpeg:
[0;34m[INFO][0m   Ubuntu/Debian: sudo apt-get install ffmpeg
[0;34m[INFO][0m   macOS: brew install ffmpeg
[0;34m[INFO][0m   CentOS/RHEL: sudo yum install ffmpeg
[0;34m[INFO][0m Creating necessary directories...
[0;32m[SUCCESS][0m Directories created
[0;34m[INFO][0m Setting up Python virtual environment...
[0;34m[INFO][0m Virtual environment already exists
[0;32m[SUCCESS][0m Virtual environment activated
[0;34m[INFO][0m Installing/updating Python dependencies...
Requirement already satisfied: pip in ./backend/venv/lib/python3.13/site-packages (26.0.1)
Requirement already satisfied: Flask==3.0.0 in ./backend/venv/lib/python3.13/site-packages (from -r /home/gmk/funhub/backend/requirements.txt (line 1)) (3.0.0)
Requirement already satisfied: Flask-SQLAlchemy==3.1.1 in ./backend/venv/lib/python3.13/site-packages (from -r /home/gmk/funhub/backend/requirements.txt (line 2)) (3.1.1)
Requirement already satisfied: Flask-CORS==4.0.0 in ./backend/venv/lib/python3.13/site-packages (from -r /home/gmk/funhub/backend/requirements.txt (line 3)) (4.0.0)
Requirement already satisfied: Pillow==12.1.1 in ./backend/venv/lib/python3.13/site-packages (from -r /home/gmk/funhub/backend/requirements.txt (line 4)) (12.1.1)
Requirement already satisfied: ffmpeg-python==0.2.0 in ./backend/venv/lib/python3.13/site-packages (from -r /home/gmk/funhub/backend/requirements.txt (line 5)) (0.2.0)
Requirement already satisfied: Werkzeug==3.0.1 in ./backend/venv/lib/python3.13/site-packages (from -r /home/gmk/funhub/backend/requirements.txt (line 6)) (3.0.1)
Requirement already satisfied: Jinja2>=3.1.2 in ./backend/venv/lib/python3.13/site-packages (from Flask==3.0.0->-r /home/gmk/funhub/backend/requirements.txt (line 1)) (3.1.6)
Requirement already satisfied: itsdangerous>=2.1.2 in ./backend/venv/lib/python3.13/site-packages (from Flask==3.0.0->-r /home/gmk/funhub/backend/requirements.txt (line 1)) (2.2.0)
Requirement already satisfied: click>=8.1.3 in ./backend/venv/lib/python3.13/site-packages (from Flask==3.0.0->-r /home/gmk/funhub/backend/requirements.txt (line 1)) (8.3.1)
Requirement already satisfied: blinker>=1.6.2 in ./backend/venv/lib/python3.13/site-packages (from Flask==3.0.0->-r /home/gmk/funhub/backend/requirements.txt (line 1)) (1.9.0)
Requirement already satisfied: sqlalchemy>=2.0.16 in ./backend/venv/lib/python3.13/site-packages (from Flask-SQLAlchemy==3.1.1->-r /home/gmk/funhub/backend/requirements.txt (line 2)) (2.0.47)
Requirement already satisfied: future in ./backend/venv/lib/python3.13/site-packages (from ffmpeg-python==0.2.0->-r /home/gmk/funhub/backend/requirements.txt (line 5)) (1.0.0)
Requirement already satisfied: MarkupSafe>=2.1.1 in ./backend/venv/lib/python3.13/site-packages (from Werkzeug==3.0.1->-r /home/gmk/funhub/backend/requirements.txt (line 6)) (3.0.3)
Requirement already satisfied: greenlet>=1 in ./backend/venv/lib/python3.13/site-packages (from sqlalchemy>=2.0.16->Flask-SQLAlchemy==3.1.1->-r /home/gmk/funhub/backend/requirements.txt (line 2)) (3.3.2)
Requirement already satisfied: typing-extensions>=4.6.0 in ./backend/venv/lib/python3.13/site-packages (from sqlalchemy>=2.0.16->Flask-SQLAlchemy==3.1.1->-r /home/gmk/funhub/backend/requirements.txt (line 2)) (4.15.0)
[0;32m[SUCCESS][0m Dependencies installed
[0;34m[INFO][0m Initializing database...
Database tables created successfully
[0;32m[SUCCESS][0m Database initialized
[0;34m[INFO][0m Starting FunHub backend server...
[0;34m[INFO][0m Server will be available at: http://localhost:5000
[0;34m[INFO][0m API documentation: http://localhost:5000/api/health
[0;34m[INFO][0m Press Ctrl+C to stop the server

Database initialized successfully!
 * Serving Flask app 'app'
 * Debug mode: on
[31m[1mWARNING: This is a development server. Do not use it in a production deployment. Use a production WSGI server instead.[0m
 * Running on all addresses (0.0.0.0)
 * Running on http://127.0.0.1:5000
 * Running on http://192.168.31.133:5000
[33mPress CTRL+C to quit[0m
 * Restarting with stat
 * Debugger is active!
 * Debugger PIN: 687-882-555
127.0.0.1 - - [01/Mar/2026 13:17:41] "GET /api/health HTTP/1.1" 200 -
127.0.0.1 - - [01/Mar/2026 13:17:42] "GET /api/health HTTP/1.1" 200 -
127.0.0.1 - - [01/Mar/2026 13:17:47] "[35m[1mGET /api/sources HTTP/1.1[0m" 500 -
Traceback (most recent call last):
  File "/home/gmk/funhub/backend/venv/lib/python3.13/site-packages/sqlalchemy/engine/base.py", line 1967, in _exec_single_context
    self.dialect.do_execute(
    ^
  File "/home/gmk/funhub/backend/venv/lib/python3.13/site-packages/sqlalchemy/engine/default.py", line 952, in do_execute
    cursor.execute(statement, parameters)
    ~~~~~~~~~~~~~~^^^^^^^^^^^^^^^^^^^^^^^
sqlite3.OperationalError: no such column: videos.description

The above exception was the direct cause of the following exception:

Traceback (most recent call last):
  File "/home/gmk/funhub/backend/venv/lib/python3.13/site-packages/flask/app.py", line 1478, in __call__
    return self.wsgi_app(environ, start_response)
           ~~~~~~~~~~~~~^^^^^^^^^^^^^^^^^^^^^^^^^
  File "/home/gmk/funhub/backend/venv/lib/python3.13/site-packages/flask/app.py", line 1458, in wsgi_app
    response = self.handle_exception(e)
  File "/home/gmk/funhub/backend/venv/lib/python3.13/site-packages/flask_cors/extension.py", line 176, in wrapped_function
    return cors_after_request(app.make_response(f(*args, **kwargs)))
                                                ~^^^^^^^^^^^^^^^^^
  File "/home/gmk/funhub/backend/venv/lib/python3.13/site-packages/flask/app.py", line 1455, in wsgi_app
    response = self.full_dispatch_request()
  File "/home/gmk/funhub/backend/venv/lib/python3.13/site-packages/flask/app.py", line 869, in full_dispatch_request
    rv = self.handle_user_exception(e)
  File "/home/gmk/funhub/backend/venv/lib/python3.13/site-packages/flask_cors/extension.py", line 176, in wrapped_function
    return cors_after_request(app.make_response(f(*args, **kwargs)))
                                                ~^^^^^^^^^^^^^^^^^
  File "/home/gmk/funhub/backend/venv/lib/python3.13/site-packages/flask/app.py", line 867, in full_dispatch_request
    rv = self.dispatch_request()
  File "/home/gmk/funhub/backend/venv/lib/python3.13/site-packages/flask/app.py", line 852, in dispatch_request
    return self.ensure_sync(self.view_functions[rule.endpoint])(**view_args)
           ~~~~~~~~~~~~~~~~~~~~~~~~~~~~~~~~~~~~~~~~~~~~~~~~~~~~^^^^^^^^^^^^^
  File "/home/gmk/funhub/backend/app/routes/sources.py", line 15, in get_sources
    return jsonify([source.to_dict() for source in sources])
                    ~~~~~~~~~~~~~~^^
  File "/home/gmk/funhub/backend/app/models.py", line 41, in to_dict
    'video_count': self.videos.count(),
                   ~~~~~~~~~~~~~~~~~^^
  File "/home/gmk/funhub/backend/venv/lib/python3.13/site-packages/sqlalchemy/orm/dynamic.py", line 199, in count
    return self._generate(sess).count()
           ~~~~~~~~~~~~~~~~~~~~~~~~~~^^
  File "/home/gmk/funhub/backend/venv/lib/python3.13/site-packages/sqlalchemy/orm/query.py", line 3146, in count
    self._legacy_from_self(col).enable_eagerloads(False).scalar()
    ~~~~~~~~~~~~~~~~~~~~~~~~~~~~~~~~~~~~~~~~~~~~~~~~~~~~~~~~~~~^^
  File "/home/gmk/funhub/backend/venv/lib/python3.13/site-packages/sqlalchemy/orm/query.py", line 2835, in scalar
    ret = self.one()
  File "/home/gmk/funhub/backend/venv/lib/python3.13/site-packages/sqlalchemy/orm/query.py", line 2808, in one
    return self._iter().one()  # type: ignore
           ~~~~~~~~~~^^
  File "/home/gmk/funhub/backend/venv/lib/python3.13/site-packages/sqlalchemy/orm/query.py", line 2857, in _iter
    result: Union[ScalarResult[_T], Result[_T]] = self.session.execute(
    
  File "/home/gmk/funhub/backend/venv/lib/python3.13/site-packages/sqlalchemy/orm/session.py", line 2351, in execute
    return self._execute_internal(
    
  File "/home/gmk/funhub/backend/venv/lib/python3.13/site-packages/sqlalchemy/orm/session.py", line 2249, in _execute_internal
    result: Result[Any] = compile_state_cls.orm_execute_statement(
    
  File "/home/gmk/funhub/backend/venv/lib/python3.13/site-packages/sqlalchemy/orm/context.py", line 306, in orm_execute_statement
    result = conn.execute(
    
  File "/home/gmk/funhub/backend/venv/lib/python3.13/site-packages/sqlalchemy/engine/base.py", line 1419, in execute
    return meth(
    
  File "/home/gmk/funhub/backend/venv/lib/python3.13/site-packages/sqlalchemy/sql/elements.py", line 527, in _execute_on_connection
    return connection._execute_clauseelement(
    
  File "/home/gmk/funhub/backend/venv/lib/python3.13/site-packages/sqlalchemy/engine/base.py", line 1641, in _execute_clauseelement
    ret = self._execute_context(
    
  File "/home/gmk/funhub/backend/venv/lib/python3.13/site-packages/sqlalchemy/engine/base.py", line 1846, in _execute_context
    return self._exec_single_context(
    
  File "/home/gmk/funhub/backend/venv/lib/python3.13/site-packages/sqlalchemy/engine/base.py", line 1986, in _exec_single_context
    self._handle_dbapi_exception(
    ^
  File "/home/gmk/funhub/backend/venv/lib/python3.13/site-packages/sqlalchemy/engine/base.py", line 2363, in _handle_dbapi_exception
    raise sqlalchemy_exception.with_traceback(exc_info[2]) from e
  File "/home/gmk/funhub/backend/venv/lib/python3.13/site-packages/sqlalchemy/engine/base.py", line 1967, in _exec_single_context
    self.dialect.do_execute(
    ^
  File "/home/gmk/funhub/backend/venv/lib/python3.13/site-packages/sqlalchemy/engine/default.py", line 952, in do_execute
    cursor.execute(statement, parameters)
    ~~~~~~~~~~~~~~^^^^^^^^^^^^^^^^^^^^^^^
sqlalchemy.exc.OperationalError: (sqlite3.OperationalError) no such column: videos.description
[SQL: SELECT count(*) AS count_1 
FROM (SELECT videos.id AS videos_id, videos.title AS videos_title, videos.path AS videos_path, videos.source_id AS videos_source_id, videos.file_size AS videos_file_size, videos.duration AS videos_duration, videos.width AS videos_width, videos.height AS videos_height, videos.thumbnail_path AS videos_thumbnail_path, videos.is_favorite AS videos_is_favorite, videos.description AS videos_description, videos.created_at AS videos_created_at, videos.updated_at AS videos_updated_at 
FROM videos 
WHERE ? = videos.source_id) AS anon_1]
[parameters: (1,)]
(Background on this error at: https://sqlalche.me/e/20/e3q8)
127.0.0.1 - - [01/Mar/2026 13:17:47] "[35m[1mGET /api/sources HTTP/1.1[0m" 500 -
Traceback (most recent call last):
  File "/home/gmk/funhub/backend/venv/lib/python3.13/site-packages/sqlalchemy/engine/base.py", line 1967, in _exec_single_context
    self.dialect.do_execute(
    ^
  File "/home/gmk/funhub/backend/venv/lib/python3.13/site-packages/sqlalchemy/engine/default.py", line 952, in do_execute
    cursor.execute(statement, parameters)
    ~~~~~~~~~~~~~~^^^^^^^^^^^^^^^^^^^^^^^
sqlite3.OperationalError: no such column: videos.description

The above exception was the direct cause of the following exception:

Traceback (most recent call last):
  File "/home/gmk/funhub/backend/venv/lib/python3.13/site-packages/flask/app.py", line 1478, in __call__
    return self.wsgi_app(environ, start_response)
           ~~~~~~~~~~~~~^^^^^^^^^^^^^^^^^^^^^^^^^
  File "/home/gmk/funhub/backend/venv/lib/python3.13/site-packages/flask/app.py", line 1458, in wsgi_app
    response = self.handle_exception(e)
  File "/home/gmk/funhub/backend/venv/lib/python3.13/site-packages/flask_cors/extension.py", line 176, in wrapped_function
    return cors_after_request(app.make_response(f(*args, **kwargs)))
                                                ~^^^^^^^^^^^^^^^^^
  File "/home/gmk/funhub/backend/venv/lib/python3.13/site-packages/flask/app.py", line 1455, in wsgi_app
    response = self.full_dispatch_request()
  File "/home/gmk/funhub/backend/venv/lib/python3.13/site-packages/flask/app.py", line 869, in full_dispatch_request
    rv = self.handle_user_exception(e)
  File "/home/gmk/funhub/backend/venv/lib/python3.13/site-packages/flask_cors/extension.py", line 176, in wrapped_function
    return cors_after_request(app.make_response(f(*args, **kwargs)))
                                                ~^^^^^^^^^^^^^^^^^
  File "/home/gmk/funhub/backend/venv/lib/python3.13/site-packages/flask/app.py", line 867, in full_dispatch_request
    rv = self.dispatch_request()
  File "/home/gmk/funhub/backend/venv/lib/python3.13/site-packages/flask/app.py", line 852, in dispatch_request
    return self.ensure_sync(self.view_functions[rule.endpoint])(**view_args)
           ~~~~~~~~~~~~~~~~~~~~~~~~~~~~~~~~~~~~~~~~~~~~~~~~~~~~^^^^^^^^^^^^^
  File "/home/gmk/funhub/backend/app/routes/sources.py", line 15, in get_sources
    return jsonify([source.to_dict() for source in sources])
                    ~~~~~~~~~~~~~~^^
  File "/home/gmk/funhub/backend/app/models.py", line 41, in to_dict
    'video_count': self.videos.count(),
                   ~~~~~~~~~~~~~~~~~^^
  File "/home/gmk/funhub/backend/venv/lib/python3.13/site-packages/sqlalchemy/orm/dynamic.py", line 199, in count
    return self._generate(sess).count()
           ~~~~~~~~~~~~~~~~~~~~~~~~~~^^
  File "/home/gmk/funhub/backend/venv/lib/python3.13/site-packages/sqlalchemy/orm/query.py", line 3146, in count
    self._legacy_from_self(col).enable_eagerloads(False).scalar()
    ~~~~~~~~~~~~~~~~~~~~~~~~~~~~~~~~~~~~~~~~~~~~~~~~~~~~~~~~~~~^^
  File "/home/gmk/funhub/backend/venv/lib/python3.13/site-packages/sqlalchemy/orm/query.py", line 2835, in scalar
    ret = self.one()
  File "/home/gmk/funhub/backend/venv/lib/python3.13/site-packages/sqlalchemy/orm/query.py", line 2808, in one
    return self._iter().one()  # type: ignore
           ~~~~~~~~~~^^
  File "/home/gmk/funhub/backend/venv/lib/python3.13/site-packages/sqlalchemy/orm/query.py", line 2857, in _iter
    result: Union[ScalarResult[_T], Result[_T]] = self.session.execute(
    
  File "/home/gmk/funhub/backend/venv/lib/python3.13/site-packages/sqlalchemy/orm/session.py", line 2351, in execute
    return self._execute_internal(
    
  File "/home/gmk/funhub/backend/venv/lib/python3.13/site-packages/sqlalchemy/orm/session.py", line 2249, in _execute_internal
    result: Result[Any] = compile_state_cls.orm_execute_statement(
    
  File "/home/gmk/funhub/backend/venv/lib/python3.13/site-packages/sqlalchemy/orm/context.py", line 306, in orm_execute_statement
    result = conn.execute(
    
  File "/home/gmk/funhub/backend/venv/lib/python3.13/site-packages/sqlalchemy/engine/base.py", line 1419, in execute
    return meth(
    
  File "/home/gmk/funhub/backend/venv/lib/python3.13/site-packages/sqlalchemy/sql/elements.py", line 527, in _execute_on_connection
    return connection._execute_clauseelement(
    
  File "/home/gmk/funhub/backend/venv/lib/python3.13/site-packages/sqlalchemy/engine/base.py", line 1641, in _execute_clauseelement
    ret = self._execute_context(
    
  File "/home/gmk/funhub/backend/venv/lib/python3.13/site-packages/sqlalchemy/engine/base.py", line 1846, in _execute_context
    return self._exec_single_context(
    
  File "/home/gmk/funhub/backend/venv/lib/python3.13/site-packages/sqlalchemy/engine/base.py", line 1986, in _exec_single_context
    self._handle_dbapi_exception(
    ^
  File "/home/gmk/funhub/backend/venv/lib/python3.13/site-packages/sqlalchemy/engine/base.py", line 2363, in _handle_dbapi_exception
    raise sqlalchemy_exception.with_traceback(exc_info[2]) from e
  File "/home/gmk/funhub/backend/venv/lib/python3.13/site-packages/sqlalchemy/engine/base.py", line 1967, in _exec_single_context
    self.dialect.do_execute(
    ^
  File "/home/gmk/funhub/backend/venv/lib/python3.13/site-packages/sqlalchemy/engine/default.py", line 952, in do_execute
    cursor.execute(statement, parameters)
    ~~~~~~~~~~~~~~^^^^^^^^^^^^^^^^^^^^^^^
sqlalchemy.exc.OperationalError: (sqlite3.OperationalError) no such column: videos.description
[SQL: SELECT count(*) AS count_1 
FROM (SELECT videos.id AS videos_id, videos.title AS videos_title, videos.path AS videos_path, videos.source_id AS videos_source_id, videos.file_size AS videos_file_size, videos.duration AS videos_duration, videos.width AS videos_width, videos.height AS videos_height, videos.thumbnail_path AS videos_thumbnail_path, videos.is_favorite AS videos_is_favorite, videos.description AS videos_description, videos.created_at AS videos_created_at, videos.updated_at AS videos_updated_at 
FROM videos 
WHERE ? = videos.source_id) AS anon_1]
[parameters: (1,)]
(Background on this error at: https://sqlalche.me/e/20/e3q8)
127.0.0.1 - - [01/Mar/2026 13:17:48] "[35m[1mGET /api/videos?per_page=1 HTTP/1.1[0m" 500 -
Traceback (most recent call last):
  File "/home/gmk/funhub/backend/venv/lib/python3.13/site-packages/sqlalchemy/engine/base.py", line 1967, in _exec_single_context
    self.dialect.do_execute(
    ^
  File "/home/gmk/funhub/backend/venv/lib/python3.13/site-packages/sqlalchemy/engine/default.py", line 952, in do_execute
    cursor.execute(statement, parameters)
    ~~~~~~~~~~~~~~^^^^^^^^^^^^^^^^^^^^^^^
sqlite3.OperationalError: no such column: videos.description

The above exception was the direct cause of the following exception:

Traceback (most recent call last):
  File "/home/gmk/funhub/backend/venv/lib/python3.13/site-packages/flask/app.py", line 1478, in __call__
    return self.wsgi_app(environ, start_response)
           ~~~~~~~~~~~~~^^^^^^^^^^^^^^^^^^^^^^^^^
  File "/home/gmk/funhub/backend/venv/lib/python3.13/site-packages/flask/app.py", line 1458, in wsgi_app
    response = self.handle_exception(e)
  File "/home/gmk/funhub/backend/venv/lib/python3.13/site-packages/flask_cors/extension.py", line 176, in wrapped_function
    return cors_after_request(app.make_response(f(*args, **kwargs)))
                                                ~^^^^^^^^^^^^^^^^^
  File "/home/gmk/funhub/backend/venv/lib/python3.13/site-packages/flask/app.py", line 1455, in wsgi_app
    response = self.full_dispatch_request()
  File "/home/gmk/funhub/backend/venv/lib/python3.13/site-packages/flask/app.py", line 869, in full_dispatch_request
    rv = self.handle_user_exception(e)
  File "/home/gmk/funhub/backend/venv/lib/python3.13/site-packages/flask_cors/extension.py", line 176, in wrapped_function
    return cors_after_request(app.make_response(f(*args, **kwargs)))
                                                ~^^^^^^^^^^^^^^^^^
  File "/home/gmk/funhub/backend/venv/lib/python3.13/site-packages/flask/app.py", line 867, in full_dispatch_request
    rv = self.dispatch_request()
  File "/home/gmk/funhub/backend/venv/lib/python3.13/site-packages/flask/app.py", line 852, in dispatch_request
    return self.ensure_sync(self.view_functions[rule.endpoint])(**view_args)
           ~~~~~~~~~~~~~~~~~~~~~~~~~~~~~~~~~~~~~~~~~~~~~~~~~~~~^^^^^^^^^^^^^
  File "/home/gmk/funhub/backend/app/routes/videos.py", line 39, in get_videos
    pagination = query.paginate(page=page, per_page=per_page, error_out=False)
  File "/home/gmk/funhub/backend/venv/lib/python3.13/site-packages/flask_sqlalchemy/query.py", line 98, in paginate
    return QueryPagination(
    
  File "/home/gmk/funhub/backend/venv/lib/python3.13/site-packages/flask_sqlalchemy/pagination.py", line 72, in __init__
    items = self._query_items()
  File "/home/gmk/funhub/backend/venv/lib/python3.13/site-packages/flask_sqlalchemy/pagination.py", line 358, in _query_items
    out = query.limit(self.per_page).offset(self._query_offset).all()
  File "/home/gmk/funhub/backend/venv/lib/python3.13/site-packages/sqlalchemy/orm/query.py", line 2704, in all
    return self._iter().all()  # type: ignore
           ~~~~~~~~~~^^
  File "/home/gmk/funhub/backend/venv/lib/python3.13/site-packages/sqlalchemy/orm/query.py", line 2857, in _iter
    result: Union[ScalarResult[_T], Result[_T]] = self.session.execute(
    
  File "/home/gmk/funhub/backend/venv/lib/python3.13/site-packages/sqlalchemy/orm/session.py", line 2351, in execute
    return self._execute_internal(
    
  File "/home/gmk/funhub/backend/venv/lib/python3.13/site-packages/sqlalchemy/orm/session.py", line 2249, in _execute_internal
    result: Result[Any] = compile_state_cls.orm_execute_statement(
    
  File "/home/gmk/funhub/backend/venv/lib/python3.13/site-packages/sqlalchemy/orm/context.py", line 306, in orm_execute_statement
    result = conn.execute(
    
  File "/home/gmk/funhub/backend/venv/lib/python3.13/site-packages/sqlalchemy/engine/base.py", line 1419, in execute
    return meth(
    
  File "/home/gmk/funhub/backend/venv/lib/python3.13/site-packages/sqlalchemy/sql/elements.py", line 527, in _execute_on_connection
    return connection._execute_clauseelement(
    
  File "/home/gmk/funhub/backend/venv/lib/python3.13/site-packages/sqlalchemy/engine/base.py", line 1641, in _execute_clauseelement
    ret = self._execute_context(
    
  File "/home/gmk/funhub/backend/venv/lib/python3.13/site-packages/sqlalchemy/engine/base.py", line 1846, in _execute_context
    return self._exec_single_context(
    
  File "/home/gmk/funhub/backend/venv/lib/python3.13/site-packages/sqlalchemy/engine/base.py", line 1986, in _exec_single_context
    self._handle_dbapi_exception(
    ^
  File "/home/gmk/funhub/backend/venv/lib/python3.13/site-packages/sqlalchemy/engine/base.py", line 2363, in _handle_dbapi_exception
    raise sqlalchemy_exception.with_traceback(exc_info[2]) from e
  File "/home/gmk/funhub/backend/venv/lib/python3.13/site-packages/sqlalchemy/engine/base.py", line 1967, in _exec_single_context
    self.dialect.do_execute(
    ^
  File "/home/gmk/funhub/backend/venv/lib/python3.13/site-packages/sqlalchemy/engine/default.py", line 952, in do_execute
    cursor.execute(statement, parameters)
    ~~~~~~~~~~~~~~^^^^^^^^^^^^^^^^^^^^^^^
sqlalchemy.exc.OperationalError: (sqlite3.OperationalError) no such column: videos.description
[SQL: SELECT videos.id AS videos_id, videos.title AS videos_title, videos.path AS videos_path, videos.source_id AS videos_source_id, videos.file_size AS videos_file_size, videos.duration AS videos_duration, videos.width AS videos_width, videos.height AS videos_height, videos.thumbnail_path AS videos_thumbnail_path, videos.is_favorite AS videos_is_favorite, videos.description AS videos_description, videos.created_at AS videos_created_at, videos.updated_at AS videos_updated_at 
FROM videos ORDER BY videos.created_at DESC
 LIMIT ? OFFSET ?]
[parameters: (1, 0)]
(Background on this error at: https://sqlalche.me/e/20/e3q8)
127.0.0.1 - - [01/Mar/2026 13:17:48] "GET /api/images?per_page=1 HTTP/1.1" 200 -
127.0.0.1 - - [01/Mar/2026 13:17:48] "[35m[1mGET /api/sources HTTP/1.1[0m" 500 -
Traceback (most recent call last):
  File "/home/gmk/funhub/backend/venv/lib/python3.13/site-packages/sqlalchemy/engine/base.py", line 1967, in _exec_single_context
    self.dialect.do_execute(
    ^
  File "/home/gmk/funhub/backend/venv/lib/python3.13/site-packages/sqlalchemy/engine/default.py", line 952, in do_execute
    cursor.execute(statement, parameters)
    ~~~~~~~~~~~~~~^^^^^^^^^^^^^^^^^^^^^^^
sqlite3.OperationalError: no such column: videos.description

The above exception was the direct cause of the following exception:

Traceback (most recent call last):
  File "/home/gmk/funhub/backend/venv/lib/python3.13/site-packages/flask/app.py", line 1478, in __call__
    return self.wsgi_app(environ, start_response)
           ~~~~~~~~~~~~~^^^^^^^^^^^^^^^^^^^^^^^^^
  File "/home/gmk/funhub/backend/venv/lib/python3.13/site-packages/flask/app.py", line 1458, in wsgi_app
    response = self.handle_exception(e)
  File "/home/gmk/funhub/backend/venv/lib/python3.13/site-packages/flask_cors/extension.py", line 176, in wrapped_function
    return cors_after_request(app.make_response(f(*args, **kwargs)))
                                                ~^^^^^^^^^^^^^^^^^
  File "/home/gmk/funhub/backend/venv/lib/python3.13/site-packages/flask/app.py", line 1455, in wsgi_app
    response = self.full_dispatch_request()
  File "/home/gmk/funhub/backend/venv/lib/python3.13/site-packages/flask/app.py", line 869, in full_dispatch_request
    rv = self.handle_user_exception(e)
  File "/home/gmk/funhub/backend/venv/lib/python3.13/site-packages/flask_cors/extension.py", line 176, in wrapped_function
    return cors_after_request(app.make_response(f(*args, **kwargs)))
                                                ~^^^^^^^^^^^^^^^^^
  File "/home/gmk/funhub/backend/venv/lib/python3.13/site-packages/flask/app.py", line 867, in full_dispatch_request
    rv = self.dispatch_request()
  File "/home/gmk/funhub/backend/venv/lib/python3.13/site-packages/flask/app.py", line 852, in dispatch_request
    return self.ensure_sync(self.view_functions[rule.endpoint])(**view_args)
           ~~~~~~~~~~~~~~~~~~~~~~~~~~~~~~~~~~~~~~~~~~~~~~~~~~~~^^^^^^^^^^^^^
  File "/home/gmk/funhub/backend/app/routes/sources.py", line 15, in get_sources
    return jsonify([source.to_dict() for source in sources])
                    ~~~~~~~~~~~~~~^^
  File "/home/gmk/funhub/backend/app/models.py", line 41, in to_dict
    'video_count': self.videos.count(),
                   ~~~~~~~~~~~~~~~~~^^
  File "/home/gmk/funhub/backend/venv/lib/python3.13/site-packages/sqlalchemy/orm/dynamic.py", line 199, in count
    return self._generate(sess).count()
           ~~~~~~~~~~~~~~~~~~~~~~~~~~^^
  File "/home/gmk/funhub/backend/venv/lib/python3.13/site-packages/sqlalchemy/orm/query.py", line 3146, in count
    self._legacy_from_self(col).enable_eagerloads(False).scalar()
    ~~~~~~~~~~~~~~~~~~~~~~~~~~~~~~~~~~~~~~~~~~~~~~~~~~~~~~~~~~~^^
  File "/home/gmk/funhub/backend/venv/lib/python3.13/site-packages/sqlalchemy/orm/query.py", line 2835, in scalar
    ret = self.one()
  File "/home/gmk/funhub/backend/venv/lib/python3.13/site-packages/sqlalchemy/orm/query.py", line 2808, in one
    return self._iter().one()  # type: ignore
           ~~~~~~~~~~^^
  File "/home/gmk/funhub/backend/venv/lib/python3.13/site-packages/sqlalchemy/orm/query.py", line 2857, in _iter
    result: Union[ScalarResult[_T], Result[_T]] = self.session.execute(
    
  File "/home/gmk/funhub/backend/venv/lib/python3.13/site-packages/sqlalchemy/orm/session.py", line 2351, in execute
    return self._execute_internal(
    
  File "/home/gmk/funhub/backend/venv/lib/python3.13/site-packages/sqlalchemy/orm/session.py", line 2249, in _execute_internal
    result: Result[Any] = compile_state_cls.orm_execute_statement(
    
  File "/home/gmk/funhub/backend/venv/lib/python3.13/site-packages/sqlalchemy/orm/context.py", line 306, in orm_execute_statement
    result = conn.execute(
    
  File "/home/gmk/funhub/backend/venv/lib/python3.13/site-packages/sqlalchemy/engine/base.py", line 1419, in execute
    return meth(
    
  File "/home/gmk/funhub/backend/venv/lib/python3.13/site-packages/sqlalchemy/sql/elements.py", line 527, in _execute_on_connection
    return connection._execute_clauseelement(
    
  File "/home/gmk/funhub/backend/venv/lib/python3.13/site-packages/sqlalchemy/engine/base.py", line 1641, in _execute_clauseelement
    ret = self._execute_context(
    
  File "/home/gmk/funhub/backend/venv/lib/python3.13/site-packages/sqlalchemy/engine/base.py", line 1846, in _execute_context
    return self._exec_single_context(
    
  File "/home/gmk/funhub/backend/venv/lib/python3.13/site-packages/sqlalchemy/engine/base.py", line 1986, in _exec_single_context
    self._handle_dbapi_exception(
    ^
  File "/home/gmk/funhub/backend/venv/lib/python3.13/site-packages/sqlalchemy/engine/base.py", line 2363, in _handle_dbapi_exception
    raise sqlalchemy_exception.with_traceback(exc_info[2]) from e
  File "/home/gmk/funhub/backend/venv/lib/python3.13/site-packages/sqlalchemy/engine/base.py", line 1967, in _exec_single_context
    self.dialect.do_execute(
    ^
  File "/home/gmk/funhub/backend/venv/lib/python3.13/site-packages/sqlalchemy/engine/default.py", line 952, in do_execute
    cursor.execute(statement, parameters)
    ~~~~~~~~~~~~~~^^^^^^^^^^^^^^^^^^^^^^^
sqlalchemy.exc.OperationalError: (sqlite3.OperationalError) no such column: videos.description
[SQL: SELECT count(*) AS count_1 
FROM (SELECT videos.id AS videos_id, videos.title AS videos_title, videos.path AS videos_path, videos.source_id AS videos_source_id, videos.file_size AS videos_file_size, videos.duration AS videos_duration, videos.width AS videos_width, videos.height AS videos_height, videos.thumbnail_path AS videos_thumbnail_path, videos.is_favorite AS videos_is_favorite, videos.description AS videos_description, videos.created_at AS videos_created_at, videos.updated_at AS videos_updated_at 
FROM videos 
WHERE ? = videos.source_id) AS anon_1]
[parameters: (1,)]
(Background on this error at: https://sqlalche.me/e/20/e3q8)
127.0.0.1 - - [01/Mar/2026 13:17:48] "[35m[1mGET /api/favorites/stats HTTP/1.1[0m" 500 -
Traceback (most recent call last):
  File "/home/gmk/funhub/backend/venv/lib/python3.13/site-packages/sqlalchemy/engine/base.py", line 1967, in _exec_single_context
    self.dialect.do_execute(
    ^
  File "/home/gmk/funhub/backend/venv/lib/python3.13/site-packages/sqlalchemy/engine/default.py", line 952, in do_execute
    cursor.execute(statement, parameters)
    ~~~~~~~~~~~~~~^^^^^^^^^^^^^^^^^^^^^^^
sqlite3.OperationalError: no such column: videos.description

The above exception was the direct cause of the following exception:

Traceback (most recent call last):
  File "/home/gmk/funhub/backend/venv/lib/python3.13/site-packages/flask/app.py", line 1478, in __call__
    return self.wsgi_app(environ, start_response)
           ~~~~~~~~~~~~~^^^^^^^^^^^^^^^^^^^^^^^^^
  File "/home/gmk/funhub/backend/venv/lib/python3.13/site-packages/flask/app.py", line 1458, in wsgi_app
    response = self.handle_exception(e)
  File "/home/gmk/funhub/backend/venv/lib/python3.13/site-packages/flask_cors/extension.py", line 176, in wrapped_function
    return cors_after_request(app.make_response(f(*args, **kwargs)))
                                                ~^^^^^^^^^^^^^^^^^
  File "/home/gmk/funhub/backend/venv/lib/python3.13/site-packages/flask/app.py", line 1455, in wsgi_app
    response = self.full_dispatch_request()
  File "/home/gmk/funhub/backend/venv/lib/python3.13/site-packages/flask/app.py", line 869, in full_dispatch_request
    rv = self.handle_user_exception(e)
  File "/home/gmk/funhub/backend/venv/lib/python3.13/site-packages/flask_cors/extension.py", line 176, in wrapped_function
    return cors_after_request(app.make_response(f(*args, **kwargs)))
                                                ~^^^^^^^^^^^^^^^^^
  File "/home/gmk/funhub/backend/venv/lib/python3.13/site-packages/flask/app.py", line 867, in full_dispatch_request
    rv = self.dispatch_request()
  File "/home/gmk/funhub/backend/venv/lib/python3.13/site-packages/flask/app.py", line 852, in dispatch_request
    return self.ensure_sync(self.view_functions[rule.endpoint])(**view_args)
           ~~~~~~~~~~~~~~~~~~~~~~~~~~~~~~~~~~~~~~~~~~~~~~~~~~~~^^^^^^^^^^^^^
  File "/home/gmk/funhub/backend/app/routes/favorites.py", line 58, in get_favorites_stats
    video_count = Video.query.filter_by(is_favorite=True).count()
  File "/home/gmk/funhub/backend/venv/lib/python3.13/site-packages/sqlalchemy/orm/query.py", line 3146, in count
    self._legacy_from_self(col).enable_eagerloads(False).scalar()
    ~~~~~~~~~~~~~~~~~~~~~~~~~~~~~~~~~~~~~~~~~~~~~~~~~~~~~~~~~~~^^
  File "/home/gmk/funhub/backend/venv/lib/python3.13/site-packages/sqlalchemy/orm/query.py", line 2835, in scalar
    ret = self.one()
  File "/home/gmk/funhub/backend/venv/lib/python3.13/site-packages/sqlalchemy/orm/query.py", line 2808, in one
    return self._iter().one()  # type: ignore
           ~~~~~~~~~~^^
  File "/home/gmk/funhub/backend/venv/lib/python3.13/site-packages/sqlalchemy/orm/query.py", line 2857, in _iter
    result: Union[ScalarResult[_T], Result[_T]] = self.session.execute(
    
  File "/home/gmk/funhub/backend/venv/lib/python3.13/site-packages/sqlalchemy/orm/session.py", line 2351, in execute
    return self._execute_internal(
    
  File "/home/gmk/funhub/backend/venv/lib/python3.13/site-packages/sqlalchemy/orm/session.py", line 2249, in _execute_internal
    result: Result[Any] = compile_state_cls.orm_execute_statement(
    
  File "/home/gmk/funhub/backend/venv/lib/python3.13/site-packages/sqlalchemy/orm/context.py", line 306, in orm_execute_statement
    result = conn.execute(
    
  File "/home/gmk/funhub/backend/venv/lib/python3.13/site-packages/sqlalchemy/engine/base.py", line 1419, in execute
    return meth(
    
  File "/home/gmk/funhub/backend/venv/lib/python3.13/site-packages/sqlalchemy/sql/elements.py", line 527, in _execute_on_connection
    return connection._execute_clauseelement(
    
  File "/home/gmk/funhub/backend/venv/lib/python3.13/site-packages/sqlalchemy/engine/base.py", line 1641, in _execute_clauseelement
    ret = self._execute_context(
    
  File "/home/gmk/funhub/backend/venv/lib/python3.13/site-packages/sqlalchemy/engine/base.py", line 1846, in _execute_context
    return self._exec_single_context(
    
  File "/home/gmk/funhub/backend/venv/lib/python3.13/site-packages/sqlalchemy/engine/base.py", line 1986, in _exec_single_context
    self._handle_dbapi_exception(
    ^
  File "/home/gmk/funhub/backend/venv/lib/python3.13/site-packages/sqlalchemy/engine/base.py", line 2363, in _handle_dbapi_exception
    raise sqlalchemy_exception.with_traceback(exc_info[2]) from e
  File "/home/gmk/funhub/backend/venv/lib/python3.13/site-packages/sqlalchemy/engine/base.py", line 1967, in _exec_single_context
    self.dialect.do_execute(
    ^
  File "/home/gmk/funhub/backend/venv/lib/python3.13/site-packages/sqlalchemy/engine/default.py", line 952, in do_execute
    cursor.execute(statement, parameters)
    ~~~~~~~~~~~~~~^^^^^^^^^^^^^^^^^^^^^^^
sqlalchemy.exc.OperationalError: (sqlite3.OperationalError) no such column: videos.description
[SQL: SELECT count(*) AS count_1 
FROM (SELECT videos.id AS videos_id, videos.title AS videos_title, videos.path AS videos_path, videos.source_id AS videos_source_id, videos.file_size AS videos_file_size, videos.duration AS videos_duration, videos.width AS videos_width, videos.height AS videos_height, videos.thumbnail_path AS videos_thumbnail_path, videos.is_favorite AS videos_is_favorite, videos.description AS videos_description, videos.created_at AS videos_created_at, videos.updated_at AS videos_updated_at 
FROM videos 
WHERE videos.is_favorite = 1) AS anon_1]
(Background on this error at: https://sqlalche.me/e/20/e3q8)
127.0.0.1 - - [01/Mar/2026 13:17:48] "[35m[1mGET /api/videos?per_page=1 HTTP/1.1[0m" 500 -
Traceback (most recent call last):
  File "/home/gmk/funhub/backend/venv/lib/python3.13/site-packages/sqlalchemy/engine/base.py", line 1967, in _exec_single_context
    self.dialect.do_execute(
    ^
  File "/home/gmk/funhub/backend/venv/lib/python3.13/site-packages/sqlalchemy/engine/default.py", line 952, in do_execute
    cursor.execute(statement, parameters)
    ~~~~~~~~~~~~~~^^^^^^^^^^^^^^^^^^^^^^^
sqlite3.OperationalError: no such column: videos.description

The above exception was the direct cause of the following exception:

Traceback (most recent call last):
  File "/home/gmk/funhub/backend/venv/lib/python3.13/site-packages/flask/app.py", line 1478, in __call__
    return self.wsgi_app(environ, start_response)
           ~~~~~~~~~~~~~^^^^^^^^^^^^^^^^^^^^^^^^^
  File "/home/gmk/funhub/backend/venv/lib/python3.13/site-packages/flask/app.py", line 1458, in wsgi_app
    response = self.handle_exception(e)
  File "/home/gmk/funhub/backend/venv/lib/python3.13/site-packages/flask_cors/extension.py", line 176, in wrapped_function
    return cors_after_request(app.make_response(f(*args, **kwargs)))
                                                ~^^^^^^^^^^^^^^^^^
  File "/home/gmk/funhub/backend/venv/lib/python3.13/site-packages/flask/app.py", line 1455, in wsgi_app
    response = self.full_dispatch_request()
  File "/home/gmk/funhub/backend/venv/lib/python3.13/site-packages/flask/app.py", line 869, in full_dispatch_request
    rv = self.handle_user_exception(e)
  File "/home/gmk/funhub/backend/venv/lib/python3.13/site-packages/flask_cors/extension.py", line 176, in wrapped_function
    return cors_after_request(app.make_response(f(*args, **kwargs)))
                                                ~^^^^^^^^^^^^^^^^^
  File "/home/gmk/funhub/backend/venv/lib/python3.13/site-packages/flask/app.py", line 867, in full_dispatch_request
    rv = self.dispatch_request()
  File "/home/gmk/funhub/backend/venv/lib/python3.13/site-packages/flask/app.py", line 852, in dispatch_request
    return self.ensure_sync(self.view_functions[rule.endpoint])(**view_args)
           ~~~~~~~~~~~~~~~~~~~~~~~~~~~~~~~~~~~~~~~~~~~~~~~~~~~~^^^^^^^^^^^^^
  File "/home/gmk/funhub/backend/app/routes/videos.py", line 39, in get_videos
    pagination = query.paginate(page=page, per_page=per_page, error_out=False)
  File "/home/gmk/funhub/backend/venv/lib/python3.13/site-packages/flask_sqlalchemy/query.py", line 98, in paginate
    return QueryPagination(
    
  File "/home/gmk/funhub/backend/venv/lib/python3.13/site-packages/flask_sqlalchemy/pagination.py", line 72, in __init__
    items = self._query_items()
  File "/home/gmk/funhub/backend/venv/lib/python3.13/site-packages/flask_sqlalchemy/pagination.py", line 358, in _query_items
    out = query.limit(self.per_page).offset(self._query_offset).all()
  File "/home/gmk/funhub/backend/venv/lib/python3.13/site-packages/sqlalchemy/orm/query.py", line 2704, in all
    return self._iter().all()  # type: ignore
           ~~~~~~~~~~^^
  File "/home/gmk/funhub/backend/venv/lib/python3.13/site-packages/sqlalchemy/orm/query.py", line 2857, in _iter
    result: Union[ScalarResult[_T], Result[_T]] = self.session.execute(
    
  File "/home/gmk/funhub/backend/venv/lib/python3.13/site-packages/sqlalchemy/orm/session.py", line 2351, in execute
    return self._execute_internal(
    
  File "/home/gmk/funhub/backend/venv/lib/python3.13/site-packages/sqlalchemy/orm/session.py", line 2249, in _execute_internal
    result: Result[Any] = compile_state_cls.orm_execute_statement(
    
  File "/home/gmk/funhub/backend/venv/lib/python3.13/site-packages/sqlalchemy/orm/context.py", line 306, in orm_execute_statement
    result = conn.execute(
    
  File "/home/gmk/funhub/backend/venv/lib/python3.13/site-packages/sqlalchemy/engine/base.py", line 1419, in execute
    return meth(
    
  File "/home/gmk/funhub/backend/venv/lib/python3.13/site-packages/sqlalchemy/sql/elements.py", line 527, in _execute_on_connection
    return connection._execute_clauseelement(
    
  File "/home/gmk/funhub/backend/venv/lib/python3.13/site-packages/sqlalchemy/engine/base.py", line 1641, in _execute_clauseelement
    ret = self._execute_context(
    
  File "/home/gmk/funhub/backend/venv/lib/python3.13/site-packages/sqlalchemy/engine/base.py", line 1846, in _execute_context
    return self._exec_single_context(
    
  File "/home/gmk/funhub/backend/venv/lib/python3.13/site-packages/sqlalchemy/engine/base.py", line 1986, in _exec_single_context
    self._handle_dbapi_exception(
    ^
  File "/home/gmk/funhub/backend/venv/lib/python3.13/site-packages/sqlalchemy/engine/base.py", line 2363, in _handle_dbapi_exception
    raise sqlalchemy_exception.with_traceback(exc_info[2]) from e
  File "/home/gmk/funhub/backend/venv/lib/python3.13/site-packages/sqlalchemy/engine/base.py", line 1967, in _exec_single_context
    self.dialect.do_execute(
    ^
  File "/home/gmk/funhub/backend/venv/lib/python3.13/site-packages/sqlalchemy/engine/default.py", line 952, in do_execute
    cursor.execute(statement, parameters)
    ~~~~~~~~~~~~~~^^^^^^^^^^^^^^^^^^^^^^^
sqlalchemy.exc.OperationalError: (sqlite3.OperationalError) no such column: videos.description
[SQL: SELECT videos.id AS videos_id, videos.title AS videos_title, videos.path AS videos_path, videos.source_id AS videos_source_id, videos.file_size AS videos_file_size, videos.duration AS videos_duration, videos.width AS videos_width, videos.height AS videos_height, videos.thumbnail_path AS videos_thumbnail_path, videos.is_favorite AS videos_is_favorite, videos.description AS videos_description, videos.created_at AS videos_created_at, videos.updated_at AS videos_updated_at 
FROM videos ORDER BY videos.created_at DESC
 LIMIT ? OFFSET ?]
[parameters: (1, 0)]
(Background on this error at: https://sqlalche.me/e/20/e3q8)
127.0.0.1 - - [01/Mar/2026 13:17:49] "GET /api/images?per_page=1 HTTP/1.1" 200 -
127.0.0.1 - - [01/Mar/2026 13:17:49] "[35m[1mGET /api/sources HTTP/1.1[0m" 500 -
Traceback (most recent call last):
  File "/home/gmk/funhub/backend/venv/lib/python3.13/site-packages/sqlalchemy/engine/base.py", line 1967, in _exec_single_context
    self.dialect.do_execute(
    ^
  File "/home/gmk/funhub/backend/venv/lib/python3.13/site-packages/sqlalchemy/engine/default.py", line 952, in do_execute
    cursor.execute(statement, parameters)
    ~~~~~~~~~~~~~~^^^^^^^^^^^^^^^^^^^^^^^
sqlite3.OperationalError: no such column: videos.description

The above exception was the direct cause of the following exception:

Traceback (most recent call last):
  File "/home/gmk/funhub/backend/venv/lib/python3.13/site-packages/flask/app.py", line 1478, in __call__
    return self.wsgi_app(environ, start_response)
           ~~~~~~~~~~~~~^^^^^^^^^^^^^^^^^^^^^^^^^
  File "/home/gmk/funhub/backend/venv/lib/python3.13/site-packages/flask/app.py", line 1458, in wsgi_app
    response = self.handle_exception(e)
  File "/home/gmk/funhub/backend/venv/lib/python3.13/site-packages/flask_cors/extension.py", line 176, in wrapped_function
    return cors_after_request(app.make_response(f(*args, **kwargs)))
                                                ~^^^^^^^^^^^^^^^^^
  File "/home/gmk/funhub/backend/venv/lib/python3.13/site-packages/flask/app.py", line 1455, in wsgi_app
    response = self.full_dispatch_request()
  File "/home/gmk/funhub/backend/venv/lib/python3.13/site-packages/flask/app.py", line 869, in full_dispatch_request
    rv = self.handle_user_exception(e)
  File "/home/gmk/funhub/backend/venv/lib/python3.13/site-packages/flask_cors/extension.py", line 176, in wrapped_function
    return cors_after_request(app.make_response(f(*args, **kwargs)))
                                                ~^^^^^^^^^^^^^^^^^
  File "/home/gmk/funhub/backend/venv/lib/python3.13/site-packages/flask/app.py", line 867, in full_dispatch_request
    rv = self.dispatch_request()
  File "/home/gmk/funhub/backend/venv/lib/python3.13/site-packages/flask/app.py", line 852, in dispatch_request
    return self.ensure_sync(self.view_functions[rule.endpoint])(**view_args)
           ~~~~~~~~~~~~~~~~~~~~~~~~~~~~~~~~~~~~~~~~~~~~~~~~~~~~^^^^^^^^^^^^^
  File "/home/gmk/funhub/backend/app/routes/sources.py", line 15, in get_sources
    return jsonify([source.to_dict() for source in sources])
                    ~~~~~~~~~~~~~~^^
  File "/home/gmk/funhub/backend/app/models.py", line 41, in to_dict
    'video_count': self.videos.count(),
                   ~~~~~~~~~~~~~~~~~^^
  File "/home/gmk/funhub/backend/venv/lib/python3.13/site-packages/sqlalchemy/orm/dynamic.py", line 199, in count
    return self._generate(sess).count()
           ~~~~~~~~~~~~~~~~~~~~~~~~~~^^
  File "/home/gmk/funhub/backend/venv/lib/python3.13/site-packages/sqlalchemy/orm/query.py", line 3146, in count
    self._legacy_from_self(col).enable_eagerloads(False).scalar()
    ~~~~~~~~~~~~~~~~~~~~~~~~~~~~~~~~~~~~~~~~~~~~~~~~~~~~~~~~~~~^^
  File "/home/gmk/funhub/backend/venv/lib/python3.13/site-packages/sqlalchemy/orm/query.py", line 2835, in scalar
    ret = self.one()
  File "/home/gmk/funhub/backend/venv/lib/python3.13/site-packages/sqlalchemy/orm/query.py", line 2808, in one
    return self._iter().one()  # type: ignore
           ~~~~~~~~~~^^
  File "/home/gmk/funhub/backend/venv/lib/python3.13/site-packages/sqlalchemy/orm/query.py", line 2857, in _iter
    result: Union[ScalarResult[_T], Result[_T]] = self.session.execute(
    
  File "/home/gmk/funhub/backend/venv/lib/python3.13/site-packages/sqlalchemy/orm/session.py", line 2351, in execute
    return self._execute_internal(
    
  File "/home/gmk/funhub/backend/venv/lib/python3.13/site-packages/sqlalchemy/orm/session.py", line 2249, in _execute_internal
    result: Result[Any] = compile_state_cls.orm_execute_statement(
    
  File "/home/gmk/funhub/backend/venv/lib/python3.13/site-packages/sqlalchemy/orm/context.py", line 306, in orm_execute_statement
    result = conn.execute(
    
  File "/home/gmk/funhub/backend/venv/lib/python3.13/site-packages/sqlalchemy/engine/base.py", line 1419, in execute
    return meth(
    
  File "/home/gmk/funhub/backend/venv/lib/python3.13/site-packages/sqlalchemy/sql/elements.py", line 527, in _execute_on_connection
    return connection._execute_clauseelement(
    
  File "/home/gmk/funhub/backend/venv/lib/python3.13/site-packages/sqlalchemy/engine/base.py", line 1641, in _execute_clauseelement
    ret = self._execute_context(
    
  File "/home/gmk/funhub/backend/venv/lib/python3.13/site-packages/sqlalchemy/engine/base.py", line 1846, in _execute_context
    return self._exec_single_context(
    
  File "/home/gmk/funhub/backend/venv/lib/python3.13/site-packages/sqlalchemy/engine/base.py", line 1986, in _exec_single_context
    self._handle_dbapi_exception(
    ^
  File "/home/gmk/funhub/backend/venv/lib/python3.13/site-packages/sqlalchemy/engine/base.py", line 2363, in _handle_dbapi_exception
    raise sqlalchemy_exception.with_traceback(exc_info[2]) from e
  File "/home/gmk/funhub/backend/venv/lib/python3.13/site-packages/sqlalchemy/engine/base.py", line 1967, in _exec_single_context
    self.dialect.do_execute(
    ^
  File "/home/gmk/funhub/backend/venv/lib/python3.13/site-packages/sqlalchemy/engine/default.py", line 952, in do_execute
    cursor.execute(statement, parameters)
    ~~~~~~~~~~~~~~^^^^^^^^^^^^^^^^^^^^^^^
sqlalchemy.exc.OperationalError: (sqlite3.OperationalError) no such column: videos.description
[SQL: SELECT count(*) AS count_1 
FROM (SELECT videos.id AS videos_id, videos.title AS videos_title, videos.path AS videos_path, videos.source_id AS videos_source_id, videos.file_size AS videos_file_size, videos.duration AS videos_duration, videos.width AS videos_width, videos.height AS videos_height, videos.thumbnail_path AS videos_thumbnail_path, videos.is_favorite AS videos_is_favorite, videos.description AS videos_description, videos.created_at AS videos_created_at, videos.updated_at AS videos_updated_at 
FROM videos 
WHERE ? = videos.source_id) AS anon_1]
[parameters: (1,)]
(Background on this error at: https://sqlalche.me/e/20/e3q8)
